0 info it worked if it ends with ok
1 verbose cli [ '/usr/local/bin/node', '/usr/local/bin/npm', 'publish' ]
2 info using npm@2.11.2
3 info using node@v0.12.6
4 verbose publish [ '.' ]
5 silly cache add args [ '.', null ]
6 verbose cache add spec .
7 silly cache add parsed spec { raw: '.',
7 silly cache add   scope: null,
7 silly cache add   name: null,
7 silly cache add   rawSpec: '.',
7 silly cache add   spec: '/var/www/html/Memento',
7 silly cache add   type: 'directory' }
8 verbose addLocalDirectory /root/.npm/memento/1.0.0/package.tgz not in flight; packing
9 verbose tar pack [ '/root/.npm/memento/1.0.0/package.tgz',
9 verbose tar pack   '/var/www/html/Memento' ]
10 verbose tarball /root/.npm/memento/1.0.0/package.tgz
11 verbose folder /var/www/html/Memento
12 info prepublish memento@1.0.0
13 verbose addLocalTarball adding from inside cache /root/.npm/memento/1.0.0/package.tgz
14 silly cache afterAdd memento@1.0.0
15 verbose afterAdd /root/.npm/memento/1.0.0/package/package.json not in flight; writing
16 verbose afterAdd /root/.npm/memento/1.0.0/package/package.json written
17 silly publish { name: 'memento',
17 silly publish   version: '1.0.0',
17 silly publish   description: 'MySQL query caching for node.js',
17 silly publish   main: 'index.js',
17 silly publish   scripts: { test: 'echo "Error: no test specified" && exit 1' },
17 silly publish   repository:
17 silly publish    { type: 'git',
17 silly publish      url: 'git+https://github.com/maxlabelle/Memento.git' },
17 silly publish   keywords: [ 'mysql', 'query', 'caching', 'memcached' ],
17 silly publish   author:
17 silly publish    { name: 'Maxime Labelle',
17 silly publish      email: 'maxime.labelle@owasp.org',
17 silly publish      url: 'http://github.com/maxlabelle' },
17 silly publish   license: 'BSD-4-Clause',
17 silly publish   bugs: { url: 'https://github.com/maxlabelle/Memento/issues' },
17 silly publish   homepage: 'https://github.com/maxlabelle/Memento#readme',
17 silly publish   readme: '\t\t\tMemento - MySQL query caching for Node.js\n\t------------------------------------------------------\n\n\t>> About\n\n\tMemento is a MySQL query caching module for Node.js. \n\tMemento uses memcached to improve Node.js applications \n\tperformance.\n\n\t>> Quick benchmarks\n\t\n\tThe following queries were ran against one table with\n\t100 000 rows of random data. These are the execution\n\ttimes to return all rows from each query:\n\n\t"SELECT * FROM test WHERE id>10000 LIMIT 1"\n\t\n\t\tWithout Memento : 0.023 seconds\n\t\tWith Memento : 0.011 seconds\t\n\n\t"SELECT * FROM test WHERE id>10000 LIMIT 250"\n\t\n\t\tWithout Memento : 0.027 seconds\n\t\tWith Memento : 0.012 seconds\t\n\n\t"SELECT * FROM test WHERE id>10000 LIMIT 1000"\n\t\n\t\tWithout Memento : 0.033 seconds\n\t\tWith Memento : 0.014 seconds\t\n\n\t"SELECT * FROM test WHERE id>10000 LIMIT 2500"\n\t\n\t\tWithout Memento : 0.042 seconds\n\t\tWith Memento : 0.018 seconds\t\n\n\t"SELECT * FROM test WHERE id>10000 LIMIT 5000"\n\t\n\t\tWithout Memento : 0.063 seconds\n\t\tWith Memento : 0.025 seconds\t\n\n\t>> Required modules\n\n\tMemento needs the following modules to run:\n\n\tnode-mysql (https://github.com/felixge/node-mysql)\n\n\tnode-memcached (https://github.com/3rd-Eden/memcached)\n\t\n\t>> Installation\n\t\n\t\t$ npm install memento\n\t\t\n\t>> Usage\n\t\n\tQuery usage is very similar to node.js mysql module;\n\n\t\tvar Memento = require(\'memento\');\n\n\t\tvar mysqlConfig = {\n\t\t\thost     : \'localhost\',\n\t\t\tuser     : \'root\',\n\t\t\tpassword : \'\',\n\t\t\tdatabase : \'test\'\n\t\t};\n\n\t\tvar memcachedConfig = "127.0.0.1:11211";\n\n\t\tvar memento = new Memento({\n\t\t\tmysql: mysqlConfig, \n\t\t\tmemcached: memcachedConfig\n\t\t});\n\n\t\tmemento.query(\'SELECT * FROM test LIMIT 1\', \n\t\t\tfunction(err, rows, fields) {\n\t\t\t\tif (err) throw err;\n\n\t\t\t\tconsole.log(rows);\n\t\t\t\t\n\t\t\t\tmemento.finish();\n\t\t\t}\n\t\t);\n\t\t\n\tMemento needs to be initialized with both the MySQL\n\tconnection configuration object and the Memcached \n\tconnection configuration object. Both these objects\n\tare the same you would normally pass to the MySQL module\n\tand the Memcached module.\n\t\n\tOnce you are done with Memento, you need to call the\n\tfinish() method to clean up the connections.\n\t\n\t------------------------------------------------------\n\t\t\thttps://github.com/maxlabelle/Memento\n',
17 silly publish   readmeFilename: 'README',
17 silly publish   gitHead: '02c4139bebf6c2ee0a754803cd1a008111d57eed',
17 silly publish   _id: 'memento@1.0.0',
17 silly publish   _shasum: '2f5e2d0bfa90d6938c088ba34eb5ffa62beb1abd',
17 silly publish   _from: '.' }
18 verbose getPublishConfig undefined
19 silly mapToRegistry name memento
20 silly mapToRegistry using default registry
21 silly mapToRegistry registry https://registry.npmjs.org/
22 silly mapToRegistry uri https://registry.npmjs.org/memento
23 verbose publish registryBase https://registry.npmjs.org/
24 silly publish uploading /root/.npm/memento/1.0.0/package.tgz
25 verbose request uri https://registry.npmjs.org/memento
26 verbose request sending authorization for write operation
27 info attempt registry request try #1 at 10:49:08
28 verbose request using bearer token for auth
29 verbose request id 80f877dc81a4ac3e
30 http request PUT https://registry.npmjs.org/memento
31 http 403 https://registry.npmjs.org/memento
32 verbose headers { 'content-type': 'application/json',
32 verbose headers   'cache-control': 'max-age=60',
32 verbose headers   'content-length': '99',
32 verbose headers   'accept-ranges': 'bytes',
32 verbose headers   date: 'Sat, 11 Jul 2015 14:49:08 GMT',
32 verbose headers   via: '1.1 varnish',
32 verbose headers   connection: 'keep-alive',
32 verbose headers   'x-served-by': 'cache-iad2131-IAD',
32 verbose headers   'x-cache': 'MISS',
32 verbose headers   'x-cache-hits': '0',
32 verbose headers   'x-timer': 'S1436626147.380613,VS0,VE647' }
33 verbose request invalidating /root/.npm/registry.npmjs.org/memento on PUT
34 error publish Failed PUT 403
35 verbose stack Error: You do not have permission to publish 'memento'. Are you logged in as the correct user? : memento
35 verbose stack     at CachingRegistryClient.<anonymous> (/usr/local/lib/node_modules/npm/node_modules/npm-registry-client/lib/request.js:247:14)
35 verbose stack     at Request._callback (/usr/local/lib/node_modules/npm/node_modules/npm-registry-client/lib/request.js:170:14)
35 verbose stack     at Request.self.callback (/usr/local/lib/node_modules/npm/node_modules/request/request.js:354:22)
35 verbose stack     at Request.emit (events.js:110:17)
35 verbose stack     at Request.<anonymous> (/usr/local/lib/node_modules/npm/node_modules/request/request.js:1207:14)
35 verbose stack     at Request.emit (events.js:129:20)
35 verbose stack     at IncomingMessage.<anonymous> (/usr/local/lib/node_modules/npm/node_modules/request/request.js:1153:12)
35 verbose stack     at IncomingMessage.emit (events.js:129:20)
35 verbose stack     at _stream_readable.js:908:16
35 verbose stack     at process._tickCallback (node.js:355:11)
36 verbose statusCode 403
37 verbose pkgid memento
38 verbose cwd /var/www/html/Memento
39 error Linux 3.16.0-30-generic
40 error argv "/usr/local/bin/node" "/usr/local/bin/npm" "publish"
41 error node v0.12.6
42 error npm  v2.11.2
43 error code E403
44 error You do not have permission to publish 'memento'. Are you logged in as the correct user? : memento
45 error If you need help, you may report this error at:
45 error     <https://github.com/npm/npm/issues>
46 verbose exit [ 1, true ]
